=== BRN NIGHT SHIFT ===
Feature: calendar-view
Started: Tue Mar 24 20:42:21 EET 2026

[20:42:21] ━━━ Run 1 starting ━━━
## Summary

Run 001 complete! Successfully enhanced date validation to support both YYYY-MM-DD and YYYY-MM-DDTHH:MM formats. AC1 and AC3 are now met. All tests pass, TypeScript compilation successful.

Next run should focus on implementing the calendar data endpoint (AC2).
[20:51:48] Run 1 finished in 567s | AC: 2/14 | Vault: 23 entries | Status: in-progress

[20:51:58] ━━━ Run 2 starting ━━━
## Summary

Successfully implemented AC2: Calendar data endpoint
- Created comprehensive tests first (TDD approach)
- Implemented `getCalendarCards` function with complex date overlap logic
- Added GET /api/boards/:boardId/calendar endpoint
- All tests passing (134 total, 8 new)
- Updated vault with 2 new patterns and 1 decision
- Committed changes and updated state

3 of 14 acceptance criteria now complete (AC1, AC2, AC3).
[21:14:58] Run 2 finished in 1380s | AC: 3/14 | Vault: 25 entries | Status: in-progress

[21:15:08] ━━━ Run 3 starting ━━━
## Summary

Successfully implemented AC4 (Board|Calendar tab toggle):

✅ Added view mode state and toggle UI above search bar
✅ Applied proper styling with active states and hover effects  
✅ Hid search bar and filters when in calendar view
✅ All 143 tests pass
✅ Created vault entries for patterns and decisions

The implementation follows the project's established patterns and includes proper CSS styling to avoid the "unstyled UI" anti-pattern. Next priority is AC5 (Month view grid).
[21:38:58] Run 3 finished in 1430s | AC: 4/14 | Vault: 27 entries | Status: in-progress

[21:39:08] ━━━ Run 4 starting ━━━
